<?xml version="1.0" encoding="UTF-8"?>
<!-- Generated by org.testng.reporters.JUnitReportReporter -->
<testsuite hostname="DESKTOP-TC1ANB6" failures="0" tests="1" name="com.ibs.wwd.testcase.TC_003_AllClientPortalOrders" time="1.120" errors="0" timestamp="2025-05-18T16:19:27 IST" skipped="0">
  <testcase classname="com.ibs.wwd.testcase.TC_003_AllClientPortalOrders" name="confirmationMessage" time="1.120"/>
</testsuite> <!-- com.ibs.wwd.testcase.TC_003_AllClientPortalOrders -->
