<?xml version="1.0" encoding="UTF-8"?>
<!-- Generated by org.testng.reporters.JUnitReportReporter -->
<testsuite hostname="DESKTOP-TC1ANB6" failures="0" tests="1" name="entryForm.CustomerEntryForm" time="10.392" errors="0" timestamp="2025-05-13T13:09:22 IST" skipped="0">
  <testcase classname="entryForm.CustomerEntryForm" name="customerEntryform_TC_01" time="10.392"/>
</testsuite> <!-- entryForm.CustomerEntryForm -->
